\BOOKMARK [0][-]{chapter*.3}{\376\377\000\332\000v\000o\000d}{}% 1
\BOOKMARK [0][-]{chapter.1}{\376\377\0001\000\040\000F\000o\000r\000m\000u\000l\000\341\000c\000i\000a\000\040\000\372\000l\000o\000h\000y}{}% 2
\BOOKMARK [0][-]{chapter.2}{\376\377\0002\000\040\000S\000y\000n\000t\000\351\000z\000a\000\040\000d\000\341\000t}{}% 3
\BOOKMARK [1][-]{section.2.1}{\376\377\0002\000.\0001\000\040\000Z\000m\000e\000n\000a\000\040\000t\000e\000x\000t\000u\000\040\000n\000a\000\040\000r\000e\001\015}{chapter.2}% 4
\BOOKMARK [1][-]{section.2.2}{\376\377\0002\000.\0002\000\040\000P\000r\000e\000v\000o\000d\000\040\000r\000e\001\015\000i\000\040\000n\000a\000\040\000t\000e\000x\000t}{chapter.2}% 5
\BOOKMARK [1][-]{section.2.3}{\376\377\0002\000.\0003\000\040\000R\000o\000z\000p\000o\000z\000n\000\341\000v\000a\000n\000i\000e\000\040\000o\000b\000s\000a\000h\000u\000\040\000d\000\341\000t}{chapter.2}% 6
\BOOKMARK [1][-]{section.2.4}{\376\377\0002\000.\0004\000\040\000G\000e\000n\000e\000r\000o\000v\000a\000n\000i\000e\000\040\000o\000b\000r\000\341\000z\000k\000o\000v}{chapter.2}% 7
\BOOKMARK [0][-]{chapter.3}{\376\377\0003\000\040\000T\000e\000o\000r\000e\000t\000i\000c\000k\000\375\000\040\000z\000\341\000k\000l\000a\000d}{}% 8
\BOOKMARK [1][-]{section.3.1}{\376\377\0003\000.\0001\000\040\000H\000u\000d\000o\000b\000n\000\351\000\040\000d\000\341\000t\000a}{chapter.3}% 9
\BOOKMARK [1][-]{section.3.2}{\376\377\0003\000.\0002\000\040\000N\000e\000u\000r\000\363\000n\000o\000v\000\351\000\040\000s\000i\000e\000t\000e}{chapter.3}% 10
\BOOKMARK [1][-]{section.3.3}{\376\377\0003\000.\0003\000\040\000V\000a\000r\000i\000a\001\015\000n\000\351\000\040\000a\000u\000t\000o\000e\000n\000k\000\363\000d\000e\000r\000y}{chapter.3}% 11
\BOOKMARK [1][-]{section.3.4}{\376\377\0003\000.\0004\000\040\000G\000e\000n\000e\000r\000a\000t\000\355\000v\000n\000e\000\040\000k\000o\000n\000k\000u\000r\000e\000n\001\015\000n\000\351\000\040\000s\000i\000e\000t\000e}{chapter.3}% 12
\BOOKMARK [0][-]{chapter.4}{\376\377\0004\000\040\000T\000v\000o\000r\000b\000a\000\040\000d\000a\000t\000a\000s\000e\000t\000u}{}% 13
\BOOKMARK [1][-]{section.4.1}{\376\377\0004\000.\0001\000\040\000Z\000v\000u\000k\000o\000v\000\351\000\040\000d\000\341\000t\000a}{chapter.4}% 14
\BOOKMARK [1][-]{section.4.2}{\376\377\0004\000.\0002\000\040\000O\000b\000r\000a\000z\000o\000v\000\351\000\040\000d\000\341\000t\000a}{chapter.4}% 15
\BOOKMARK [1][-]{section.4.3}{\376\377\0004\000.\0003\000\040\000Z\000b\000e\000r\000\040\000d\000\341\000t}{chapter.4}% 16
\BOOKMARK [0][-]{chapter.5}{\376\377\0005\000\040\000D\000e\000t\000e\000k\000c\000i\000a\000\040\000f\000a\000r\000b\000y}{}% 17
\BOOKMARK [1][-]{section.5.1}{\376\377\0005\000.\0001\000\040\000N\000\341\000v\000r\000h}{chapter.5}% 18
\BOOKMARK [1][-]{section.5.2}{\376\377\0005\000.\0002\000\040\000I\000m\000p\000l\000e\000m\000e\000n\000t\000\341\000c\000i\000a}{chapter.5}% 19
\BOOKMARK [0][-]{section*.8}{\376\377\000L\000i\000t\000e\000r\000a\000t\000\372\000r\000a}{}% 20
